Determining if the pthread_create exist failed with the following output:
Change Dir: /home/6im2/bmantova/Documents/CPP-S3/sausage_runner/GLImac-Template-build/CMakeFiles/CMakeTmp

Run Build Command:"/usr/bin/make" "cmTC_3bd89/fast"
/usr/bin/make -f CMakeFiles/cmTC_3bd89.dir/build.make CMakeFiles/cmTC_3bd89.dir/build
make[1] : on entre dans le répertoire « /home/6im2/bmantova/Documents/CPP-S3/sausage_runner/GLImac-Template-build/CMakeFiles/CMakeTmp »
Building C object CMakeFiles/cmTC_3bd89.dir/CheckSymbolExists.c.o
/usr/bin/cc     -o CMakeFiles/cmTC_3bd89.dir/CheckSymbolExists.c.o   -c /home/6im2/bmantova/Documents/CPP-S3/sausage_runner/GLImac-Template-build/CMakeFiles/CMakeTmp/CheckSymbolExists.c
Linking C executable cmTC_3bd89
/usr/bin/cmake -E cmake_link_script CMakeFiles/cmTC_3bd89.dir/link.txt --verbose=1
/usr/bin/cc       CMakeFiles/cmTC_3bd89.dir/CheckSymbolExists.c.o  -o cmTC_3bd89 -rdynamic 
CMakeFiles/cmTC_3bd89.dir/CheckSymbolExists.c.o : Dans la fonction « main » :
CheckSymbolExists.c:(.text+0x1b) : référence indéfinie vers « pthread_create »
collect2: error: ld returned 1 exit status
CMakeFiles/cmTC_3bd89.dir/build.make:97 : la recette pour la cible « cmTC_3bd89 » a échouée
make[1]: *** [cmTC_3bd89] Erreur 1
make[1] : on quitte le répertoire « /home/6im2/bmantova/Documents/CPP-S3/sausage_runner/GLImac-Template-build/CMakeFiles/CMakeTmp »
Makefile:126 : la recette pour la cible « cmTC_3bd89/fast » a échouée
make: *** [cmTC_3bd89/fast] Erreur 2

File /home/6im2/bmantova/Documents/CPP-S3/sausage_runner/GLImac-Template-build/CMakeFiles/CMakeTmp/CheckSymbolExists.c:
/* */
#include <pthread.h>

int main(int argc, char** argv)
{
  (void)argv;
#ifndef pthread_create
  return ((int*)(&pthread_create))[argc];
#else
  (void)argc;
  return 0;
#endif
}

Determining if the function pthread_create exists in the pthreads failed with the following output:
Change Dir: /home/6im2/bmantova/Documents/CPP-S3/sausage_runner/GLImac-Template-build/CMakeFiles/CMakeTmp

Run Build Command:"/usr/bin/make" "cmTC_0541f/fast"
/usr/bin/make -f CMakeFiles/cmTC_0541f.dir/build.make CMakeFiles/cmTC_0541f.dir/build
make[1] : on entre dans le répertoire « /home/6im2/bmantova/Documents/CPP-S3/sausage_runner/GLImac-Template-build/CMakeFiles/CMakeTmp »
Building C object CMakeFiles/cmTC_0541f.dir/CheckFunctionExists.c.o
/usr/bin/cc    -DCHECK_FUNCTION_EXISTS=pthread_create   -o CMakeFiles/cmTC_0541f.dir/CheckFunctionExists.c.o   -c /usr/share/cmake-3.7/Modules/CheckFunctionExists.c
Linking C executable cmTC_0541f
/usr/bin/cmake -E cmake_link_script CMakeFiles/cmTC_0541f.dir/link.txt --verbose=1
/usr/bin/cc   -DCHECK_FUNCTION_EXISTS=pthread_create    CMakeFiles/cmTC_0541f.dir/CheckFunctionExists.c.o  -o cmTC_0541f -rdynamic -lpthreads 
/usr/bin/ld : ne peut trouver -lpthreads
collect2: error: ld returned 1 exit status
CMakeFiles/cmTC_0541f.dir/build.make:97 : la recette pour la cible « cmTC_0541f » a échouée
make[1]: *** [cmTC_0541f] Erreur 1
make[1] : on quitte le répertoire « /home/6im2/bmantova/Documents/CPP-S3/sausage_runner/GLImac-Template-build/CMakeFiles/CMakeTmp »
Makefile:126 : la recette pour la cible « cmTC_0541f/fast » a échouée
make: *** [cmTC_0541f/fast] Erreur 2


Determining if the pthread_create exist failed with the following output:
Change Dir: /home/6im2/bmantova/Documents/CPP-S3/sausage_runner/GLImac-Template-build/CMakeFiles/CMakeTmp

Run Build Command:"/usr/bin/make" "cmTC_c8f2a/fast"
/usr/bin/make -f CMakeFiles/cmTC_c8f2a.dir/build.make CMakeFiles/cmTC_c8f2a.dir/build
make[1] : on entre dans le répertoire « /home/6im2/bmantova/Documents/CPP-S3/sausage_runner/GLImac-Template-build/CMakeFiles/CMakeTmp »
Building C object CMakeFiles/cmTC_c8f2a.dir/CheckSymbolExists.c.o
/usr/bin/cc     -o CMakeFiles/cmTC_c8f2a.dir/CheckSymbolExists.c.o   -c /home/6im2/bmantova/Documents/CPP-S3/sausage_runner/GLImac-Template-build/CMakeFiles/CMakeTmp/CheckSymbolExists.c
Linking C executable cmTC_c8f2a
/usr/bin/cmake -E cmake_link_script CMakeFiles/cmTC_c8f2a.dir/link.txt --verbose=1
/usr/bin/cc       CMakeFiles/cmTC_c8f2a.dir/CheckSymbolExists.c.o  -o cmTC_c8f2a -rdynamic 
CMakeFiles/cmTC_c8f2a.dir/CheckSymbolExists.c.o : Dans la fonction « main » :
CheckSymbolExists.c:(.text+0x1b) : référence indéfinie vers « pthread_create »
collect2: error: ld returned 1 exit status
CMakeFiles/cmTC_c8f2a.dir/build.make:97 : la recette pour la cible « cmTC_c8f2a » a échouée
make[1]: *** [cmTC_c8f2a] Erreur 1
make[1] : on quitte le répertoire « /home/6im2/bmantova/Documents/CPP-S3/sausage_runner/GLImac-Template-build/CMakeFiles/CMakeTmp »
Makefile:126 : la recette pour la cible « cmTC_c8f2a/fast » a échouée
make: *** [cmTC_c8f2a/fast] Erreur 2

File /home/6im2/bmantova/Documents/CPP-S3/sausage_runner/GLImac-Template-build/CMakeFiles/CMakeTmp/CheckSymbolExists.c:
/* */
#include <pthread.h>

int main(int argc, char** argv)
{
  (void)argv;
#ifndef pthread_create
  return ((int*)(&pthread_create))[argc];
#else
  (void)argc;
  return 0;
#endif
}

Determining if the function pthread_create exists in the pthreads failed with the following output:
Change Dir: /home/6im2/bmantova/Documents/CPP-S3/sausage_runner/GLImac-Template-build/CMakeFiles/CMakeTmp

Run Build Command:"/usr/bin/make" "cmTC_da4a4/fast"
/usr/bin/make -f CMakeFiles/cmTC_da4a4.dir/build.make CMakeFiles/cmTC_da4a4.dir/build
make[1] : on entre dans le répertoire « /home/6im2/bmantova/Documents/CPP-S3/sausage_runner/GLImac-Template-build/CMakeFiles/CMakeTmp »
Building C object CMakeFiles/cmTC_da4a4.dir/CheckFunctionExists.c.o
/usr/bin/cc    -DCHECK_FUNCTION_EXISTS=pthread_create   -o CMakeFiles/cmTC_da4a4.dir/CheckFunctionExists.c.o   -c /usr/share/cmake-3.7/Modules/CheckFunctionExists.c
Linking C executable cmTC_da4a4
/usr/bin/cmake -E cmake_link_script CMakeFiles/cmTC_da4a4.dir/link.txt --verbose=1
/usr/bin/cc   -DCHECK_FUNCTION_EXISTS=pthread_create    CMakeFiles/cmTC_da4a4.dir/CheckFunctionExists.c.o  -o cmTC_da4a4 -rdynamic -lpthreads 
/usr/bin/ld : ne peut trouver -lpthreads
collect2: error: ld returned 1 exit status
CMakeFiles/cmTC_da4a4.dir/build.make:97 : la recette pour la cible « cmTC_da4a4 » a échouée
make[1]: *** [cmTC_da4a4] Erreur 1
make[1] : on quitte le répertoire « /home/6im2/bmantova/Documents/CPP-S3/sausage_runner/GLImac-Template-build/CMakeFiles/CMakeTmp »
Makefile:126 : la recette pour la cible « cmTC_da4a4/fast » a échouée
make: *** [cmTC_da4a4/fast] Erreur 2


