Determining if the pthread_create exist failed with the following output:
Change Dir: /home/6im2/bmantova/Documents/CPP-S3/sausage_runner/GLImac-Template/CMakeFiles/CMakeTmp

Run Build Command:"/usr/bin/make" "cmTC_cebc0/fast"
/usr/bin/make -f CMakeFiles/cmTC_cebc0.dir/build.make CMakeFiles/cmTC_cebc0.dir/build
make[1] : on entre dans le répertoire « /home/6im2/bmantova/Documents/CPP-S3/sausage_runner/GLImac-Template/CMakeFiles/CMakeTmp »
Building C object CMakeFiles/cmTC_cebc0.dir/CheckSymbolExists.c.o
/usr/bin/cc     -o CMakeFiles/cmTC_cebc0.dir/CheckSymbolExists.c.o   -c /home/6im2/bmantova/Documents/CPP-S3/sausage_runner/GLImac-Template/CMakeFiles/CMakeTmp/CheckSymbolExists.c
Linking C executable cmTC_cebc0
/usr/bin/cmake -E cmake_link_script CMakeFiles/cmTC_cebc0.dir/link.txt --verbose=1
/usr/bin/cc       CMakeFiles/cmTC_cebc0.dir/CheckSymbolExists.c.o  -o cmTC_cebc0 -rdynamic 
CMakeFiles/cmTC_cebc0.dir/CheckSymbolExists.c.o : Dans la fonction « main » :
CheckSymbolExists.c:(.text+0x1b) : référence indéfinie vers « pthread_create »
collect2: error: ld returned 1 exit status
CMakeFiles/cmTC_cebc0.dir/build.make:97 : la recette pour la cible « cmTC_cebc0 » a échouée
make[1]: *** [cmTC_cebc0] Erreur 1
make[1] : on quitte le répertoire « /home/6im2/bmantova/Documents/CPP-S3/sausage_runner/GLImac-Template/CMakeFiles/CMakeTmp »
Makefile:126 : la recette pour la cible « cmTC_cebc0/fast » a échouée
make: *** [cmTC_cebc0/fast] Erreur 2

File /home/6im2/bmantova/Documents/CPP-S3/sausage_runner/GLImac-Template/CMakeFiles/CMakeTmp/CheckSymbolExists.c:
/* */
#include <pthread.h>

int main(int argc, char** argv)
{
  (void)argv;
#ifndef pthread_create
  return ((int*)(&pthread_create))[argc];
#else
  (void)argc;
  return 0;
#endif
}

Determining if the function pthread_create exists in the pthreads failed with the following output:
Change Dir: /home/6im2/bmantova/Documents/CPP-S3/sausage_runner/GLImac-Template/CMakeFiles/CMakeTmp

Run Build Command:"/usr/bin/make" "cmTC_575da/fast"
/usr/bin/make -f CMakeFiles/cmTC_575da.dir/build.make CMakeFiles/cmTC_575da.dir/build
make[1] : on entre dans le répertoire « /home/6im2/bmantova/Documents/CPP-S3/sausage_runner/GLImac-Template/CMakeFiles/CMakeTmp »
Building C object CMakeFiles/cmTC_575da.dir/CheckFunctionExists.c.o
/usr/bin/cc    -DCHECK_FUNCTION_EXISTS=pthread_create   -o CMakeFiles/cmTC_575da.dir/CheckFunctionExists.c.o   -c /usr/share/cmake-3.7/Modules/CheckFunctionExists.c
Linking C executable cmTC_575da
/usr/bin/cmake -E cmake_link_script CMakeFiles/cmTC_575da.dir/link.txt --verbose=1
/usr/bin/cc   -DCHECK_FUNCTION_EXISTS=pthread_create    CMakeFiles/cmTC_575da.dir/CheckFunctionExists.c.o  -o cmTC_575da -rdynamic -lpthreads 
/usr/bin/ld : ne peut trouver -lpthreads
collect2: error: ld returned 1 exit status
CMakeFiles/cmTC_575da.dir/build.make:97 : la recette pour la cible « cmTC_575da » a échouée
make[1]: *** [cmTC_575da] Erreur 1
make[1] : on quitte le répertoire « /home/6im2/bmantova/Documents/CPP-S3/sausage_runner/GLImac-Template/CMakeFiles/CMakeTmp »
Makefile:126 : la recette pour la cible « cmTC_575da/fast » a échouée
make: *** [cmTC_575da/fast] Erreur 2


